<?xml version="1.0" encoding="UTF-8"?>
<testsuite xmlns:xsi="http://www.w3.org/2001/XMLSchema-instance" xsi:noNamespaceSchemaLocation="https://maven.apache.org/surefire/maven-surefire-plugin/xsd/surefire-test-report.xsd" name="OrderPageTest" time="14.416" tests="3" errors="0" skipped="0" failures="0">
  <properties>
[...]
</properties>
  <testcase name="ingridientsTabTest" classname="OrderPageTest" time="6.596"/>
  <testcase name="bunsTabTest" classname="OrderPageTest" time="3.936"/>
  <testcase name="sauseTabTest" classname="OrderPageTest" time="3.877"/>
</testsuite>